<?xml version="1.0" encoding="UTF-8"?>
<!-- Generated by org.testng.reporters.JUnitXMLReporter -->
<testsuite ignored="0" hostname="LAPTOP-LEV1OLKR" failures="1" tests="1" name="Test" time="6.796" errors="0" timestamp="2023-09-03T15:31:33 IST">
  <testcase classname="Testcases.TC_003_LoginDrivenTest" name="test_Login" time="0.0">
    <failure type="org.testng.TestNGException" message="
Method public void Testcases.TC_003_LoginDrivenTest.test_Login(java.lang.String,java.lang.String,java.lang.String) requires a @DataProvider named : Opencart_LoginData in class utilities.DataProviders">
      <![CDATA[org.testng.TestNGException: 
Method public void Testcases.TC_003_LoginDrivenTest.test_Login(java.lang.String,java.lang.String,java.lang.String) requires a @DataProvider named : Opencart_LoginData in class utilities.DataProviders
at java.base/java.util.ArrayList.forEach(ArrayList.java:1511)
... Removed 24 stack frames]]>
    </failure>
  </testcase> <!-- test_Login -->
</testsuite> <!-- Test -->
