<?xml version="1.0" encoding="UTF-8"?>
<testng-results ignored="0" total="2" passed="2" failed="0" skipped="0">
  <reporter-output>
  </reporter-output>
  <suite started-at="2023-09-01T20:46:59 IST" name="Suite" finished-at="2023-09-01T20:47:09 IST" duration-ms="10854">
    <groups>
      <group name="regression">
        <method signature="TC_001_AccountRegistratioin.test_account_registration()[pri:0, instance:Testcases.TC_001_AccountRegistratioin@1fa268de]" name="test_account_registration" class="Testcases.TC_001_AccountRegistratioin"/>
      </group> <!-- regression -->
      <group name="sanity">
        <method signature="TC_002_LoginTest.test_Login()[pri:0, instance:Testcases.TC_002_LoginTest@7b9a4292]" name="test_Login" class="Testcases.TC_002_LoginTest"/>
      </group> <!-- sanity -->
      <group name="master">
        <method signature="TC_001_AccountRegistratioin.test_account_registration()[pri:0, instance:Testcases.TC_001_AccountRegistratioin@1fa268de]" name="test_account_registration" class="Testcases.TC_001_AccountRegistratioin"/>
        <method signature="TC_002_LoginTest.test_Login()[pri:0, instance:Testcases.TC_002_LoginTest@7b9a4292]" name="test_Login" class="Testcases.TC_002_LoginTest"/>
      </group> <!-- master -->
    </groups>
    <test started-at="2023-09-01T20:46:59 IST" name="Test" finished-at="2023-09-01T20:47:09 IST" duration-ms="10854">
      <class name="Testcases.TC_002_LoginTest">
        <test-method is-config="true" signature="setup(java.lang.String)[pri:0, instance:Testcases.TC_002_LoginTest@7b9a4292]" started-at="2023-09-01T20:47:05 IST" name="setup" finished-at="2023-09-01T20:47:08 IST" duration-ms="2718" status="PASS">
          <params>
            <param index="0">
              <value>
                <![CDATA[chrome]]>
              </value>
            </param>
          </params>
          <reporter-output>
          </reporter-output>
        </test-method> <!-- setup -->
        <test-method signature="test_Login()[pri:0, instance:Testcases.TC_002_LoginTest@7b9a4292]" started-at="2023-09-01T20:47:08 IST" name="test_Login" finished-at="2023-09-01T20:47:09 IST" duration-ms="1020" status="PASS">
          <reporter-output>
          </reporter-output>
        </test-method> <!-- test_Login -->
        <test-method is-config="true" signature="teardown()[pri:0, instance:Testcases.TC_002_LoginTest@7b9a4292]" started-at="2023-09-01T20:47:09 IST" name="teardown" finished-at="2023-09-01T20:47:09 IST" duration-ms="125" status="PASS">
          <reporter-output>
          </reporter-output>
        </test-method> <!-- teardown -->
      </class> <!-- Testcases.TC_002_LoginTest -->
      <class name="Testcases.TC_001_AccountRegistratioin">
        <test-method is-config="true" signature="setup(java.lang.String)[pri:0, instance:Testcases.TC_001_AccountRegistratioin@1fa268de]" started-at="2023-09-01T20:46:59 IST" name="setup" finished-at="2023-09-01T20:47:04 IST" duration-ms="4775" status="PASS">
          <params>
            <param index="0">
              <value>
                <![CDATA[chrome]]>
              </value>
            </param>
          </params>
          <reporter-output>
          </reporter-output>
        </test-method> <!-- setup -->
        <test-method signature="test_account_registration()[pri:0, instance:Testcases.TC_001_AccountRegistratioin@1fa268de]" started-at="2023-09-01T20:47:04 IST" name="test_account_registration" finished-at="2023-09-01T20:47:05 IST" duration-ms="1762" status="PASS">
          <reporter-output>
          </reporter-output>
        </test-method> <!-- test_account_registration -->
        <test-method is-config="true" signature="teardown()[pri:0, instance:Testcases.TC_001_AccountRegistratioin@1fa268de]" started-at="2023-09-01T20:47:05 IST" name="teardown" finished-at="2023-09-01T20:47:05 IST" duration-ms="147" status="PASS">
          <reporter-output>
          </reporter-output>
        </test-method> <!-- teardown -->
      </class> <!-- Testcases.TC_001_AccountRegistratioin -->
    </test> <!-- Test -->
  </suite> <!-- Suite -->
</testng-results>
