<?xml version="1.0" encoding="UTF-8"?>
<testng-results ignored="0" total="1" passed="0" failed="1" skipped="0">
  <reporter-output>
  </reporter-output>
  <suite started-at="2023-09-03T15:31:26 IST" name="Suite" finished-at="2023-09-03T15:31:33 IST" duration-ms="6796">
    <groups>
    </groups>
    <test started-at="2023-09-03T15:31:26 IST" name="Test" finished-at="2023-09-03T15:31:33 IST" duration-ms="6796">
      <class name="Testcases.TC_003_LoginDrivenTest">
        <test-method is-config="true" signature="setup(java.lang.String)[pri:0, instance:Testcases.TC_003_LoginDrivenTest@408d971b]" started-at="2023-09-03T15:31:27 IST" name="setup" finished-at="2023-09-03T15:31:32 IST" duration-ms="5794" status="PASS">
          <params>
            <param index="0">
              <value>
                <![CDATA[chrome]]>
              </value>
            </param>
          </params>
          <reporter-output>
          </reporter-output>
        </test-method> <!-- setup -->
        <test-method signature="test_Login(java.lang.String,java.lang.String,java.lang.String)[pri:0, instance:Testcases.TC_003_LoginDrivenTest@408d971b]" started-at="2023-09-03T15:31:32 IST" name="test_Login" finished-at="2023-09-03T15:31:32 IST" duration-ms="0" status="FAIL">
          <exception class="org.testng.TestNGException">
            <message>
              <![CDATA[
Method public void Testcases.TC_003_LoginDrivenTest.test_Login(java.lang.String,java.lang.String,java.lang.String) requires a @DataProvider named : Opencart_LoginData in class utilities.DataProviders]]>
            </message>
            <full-stacktrace>
              <![CDATA[org.testng.TestNGException: 
Method public void Testcases.TC_003_LoginDrivenTest.test_Login(java.lang.String,java.lang.String,java.lang.String) requires a @DataProvider named : Opencart_LoginData in class utilities.DataProviders
at org.testng.internal.Parameters.findDataProvider(Parameters.java:526)
at org.testng.internal.Parameters.handleParameters(Parameters.java:763)
at org.testng.internal.Parameters.handleParameters(Parameters.java:728)
at org.testng.internal.invokers.ParameterHandler.handleParameters(ParameterHandler.java:72)
at org.testng.internal.invokers.ParameterHandler.createParameters(ParameterHandler.java:51)
at org.testng.internal.invokers.TestInvoker$MethodInvocationAgent.invoke(TestInvoker.java:911)
at org.testng.internal.invokers.TestInvoker.invokeTestMethods(TestInvoker.java:200)
at org.testng.internal.invokers.TestMethodWorker.invokeTestMethods(TestMethodWorker.java:148)
at org.testng.internal.invokers.TestMethodWorker.run(TestMethodWorker.java:128)
at java.base/java.util.ArrayList.forEach(ArrayList.java:1511)
at org.testng.TestRunner.privateRun(TestRunner.java:848)
at org.testng.TestRunner.run(TestRunner.java:621)
at org.testng.SuiteRunner.runTest(SuiteRunner.java:443)
at org.testng.SuiteRunner.runSequentially(SuiteRunner.java:437)
at org.testng.SuiteRunner.privateRun(SuiteRunner.java:397)
at org.testng.SuiteRunner.run(SuiteRunner.java:336)
at org.testng.SuiteRunnerWorker.runSuite(SuiteRunnerWorker.java:52)
at org.testng.SuiteRunnerWorker.run(SuiteRunnerWorker.java:95)
at org.testng.TestNG.runSuitesSequentially(TestNG.java:1280)
at org.testng.TestNG.runSuitesLocally(TestNG.java:1200)
at org.testng.TestNG.runSuites(TestNG.java:1114)
at org.testng.TestNG.run(TestNG.java:1082)
at org.testng.remote.AbstractRemoteTestNG.run(AbstractRemoteTestNG.java:115)
at org.testng.remote.RemoteTestNG.initAndRun(RemoteTestNG.java:251)
at org.testng.remote.RemoteTestNG.main(RemoteTestNG.java:77)
]]>
            </full-stacktrace>
          </exception> <!-- org.testng.TestNGException -->
          <reporter-output>
          </reporter-output>
        </test-method> <!-- test_Login -->
        <test-method is-config="true" signature="teardown()[pri:0, instance:Testcases.TC_003_LoginDrivenTest@408d971b]" started-at="2023-09-03T15:31:33 IST" name="teardown" finished-at="2023-09-03T15:31:33 IST" duration-ms="147" status="PASS">
          <reporter-output>
          </reporter-output>
        </test-method> <!-- teardown -->
      </class> <!-- Testcases.TC_003_LoginDrivenTest -->
    </test> <!-- Test -->
  </suite> <!-- Suite -->
</testng-results>
